2020-03-28 17:54:44.933+0000 INFO  ======== Neo4j 4.0.2 ========
2020-03-28 17:54:44.962+0000 INFO  Starting...
2020-03-28 17:55:23.850+0000 INFO  Called db.clearQueryCaches(): Query cache already empty.
2020-03-28 17:55:25.749+0000 INFO  Sending metrics to CSV file at C:\Users\Pcw\.Neo4jDesktop\neo4jDatabases\database-cee9d5ba-e314-4822-9e1e-9b9b8cb77cbb\installation-4.0.2\metrics
2020-03-28 17:55:25.822+0000 INFO  Bolt enabled on localhost:7687.
2020-03-28 17:55:25.822+0000 INFO  Started.
2020-03-28 17:55:26.486+0000 INFO  Server thread metrics have been registered successfully
2020-03-28 17:55:28.551+0000 INFO  Remote interface available at http://localhost:7474/
2020-03-29 02:32:25.160+0000 INFO  ======== Neo4j 4.0.2 ========
2020-03-29 02:32:25.182+0000 INFO  Starting...
2020-03-29 02:32:52.836+0000 INFO  Called db.clearQueryCaches(): Query cache already empty.
2020-03-29 02:33:02.090+0000 INFO  Sending metrics to CSV file at C:\Users\Pcw\.Neo4jDesktop\neo4jDatabases\database-cee9d5ba-e314-4822-9e1e-9b9b8cb77cbb\installation-4.0.2\metrics
2020-03-29 02:33:02.164+0000 INFO  Bolt enabled on localhost:7687.
2020-03-29 02:33:02.165+0000 INFO  Started.
2020-03-29 02:33:02.987+0000 INFO  Server thread metrics have been registered successfully
2020-03-29 02:33:05.963+0000 INFO  Remote interface available at http://localhost:7474/
2020-03-29 11:22:10.276+0000 INFO  ======== Neo4j 4.0.2 ========
2020-03-29 11:22:10.299+0000 INFO  Starting...
2020-03-29 11:22:37.538+0000 INFO  Called db.clearQueryCaches(): Query cache already empty.
2020-03-29 11:22:47.344+0000 INFO  Sending metrics to CSV file at C:\Users\Pcw\.Neo4jDesktop\neo4jDatabases\database-cee9d5ba-e314-4822-9e1e-9b9b8cb77cbb\installation-4.0.2\metrics
2020-03-29 11:22:47.477+0000 INFO  Bolt enabled on localhost:7687.
2020-03-29 11:22:47.478+0000 INFO  Started.
2020-03-29 11:22:48.136+0000 INFO  Server thread metrics have been registered successfully
2020-03-29 11:22:50.481+0000 INFO  Remote interface available at http://localhost:7474/
